<?xml version="1.0" encoding="UTF-8"?>
<testsuite xmlns:xsi="http://www.w3.org/2001/XMLSchema-instance" xsi:noNamespaceSchemaLocation="https://maven.apache.org/surefire/maven-surefire-plugin/xsd/surefire-test-report.xsd" version="3.0.2" name="cube.parser_service.ParserServiceApplicationTests" time="3.235" tests="1" errors="0" skipped="0" failures="0">
  <properties>
[...]
</properties>
  <testcase name="contextLoads" classname="cube.parser_service.ParserServiceApplicationTests" time="1.048">
    <system-out><![CDATA[23:34:27.783 [main] INFO org.springframework.test.context.support.AnnotationConfigContextLoaderUtils -- Could not detect default configuration classes for test class [cube.parser_service.ParserServiceApplicationTests]: ParserServiceApplicationTests does not declare any static, non-private, non-final, nested classes annotated with @Configuration.
23:34:28.063 [main] INFO org.springframework.boot.test.context.SpringBootTestContextBootstrapper -- Found @SpringBootConfiguration cube.parser_service.ParserServiceApplication for test class cube.parser_service.ParserServiceApplicationTests

  .   ____          _            __ _ _
 /\\ / ___'_ __ _ _(_)_ __  __ _ \ \ \ \
( ( )\___ | '_ | '_| | '_ \/ _` | \ \ \ \
 \\/  ___)| |_)| | | | | || (_| |  ) ) ) )
  '  |____| .__|_| |_|_| |_\__, | / / / /
 =========|_|==============|___/=/_/_/_/

 :: Spring Boot ::                (v3.5.4)

2025-08-01T23:34:28.831+05:00  INFO 28064 --- [parser-service] [           main] c.p.ParserServiceApplicationTests        : Starting ParserServiceApplicationTests using Java 23.0.1 with PID 28064 (started by iopwisp in C:\Users\iopwisp\Downloads\WPS-Ranking\backend\parser-service)
2025-08-01T23:34:28.834+05:00  INFO 28064 --- [parser-service] [           main] c.p.ParserServiceApplicationTests        : No active profile set, falling back to 1 default profile: "default"
2025-08-01T23:34:29.608+05:00  INFO 28064 --- [parser-service] [           main] c.p.ParserServiceApplicationTests        : Started ParserServiceApplicationTests in 1.274 seconds (process running for 3.201)
]]></system-out>
    <system-err><![CDATA[Mockito is currently self-attaching to enable the inline-mock-maker. This will no longer work in future releases of the JDK. Please add Mockito as an agent to your build as described in Mockito's documentation: https://javadoc.io/doc/org.mockito/mockito-core/latest/org.mockito/org/mockito/Mockito.html#0.3
WARNING: A Java agent has been loaded dynamically (C:\Users\iopwisp\.m2\repository\net\bytebuddy\byte-buddy-agent\1.17.6\byte-buddy-agent-1.17.6.jar)
WARNING: If a serviceability tool is in use, please run with -XX:+EnableDynamicAgentLoading to hide this warning
WARNING: If a serviceability tool is not in use, please run with -Djdk.instrument.traceUsage for more information
WARNING: Dynamic loading of agents will be disallowed by default in a future release
]]></system-err>
  </testcase>
</testsuite>